SIMLOG:: Cycle           4 PC:     0000 I:     0000 R: 0   0     0000 M: 0 0     0000     0000     0000
SIMLOG:: Cycle           5 PC:     0000 I:     0000 R: 0   0     0000 M: 0 0     0000     0000     0000
SIMLOG:: Cycle           6 PC:     0000 I:     0000 R: 1   0     0000 M: 0 0     0000     0000     0000
SIMLOG:: Cycle           7 PC:     0000 I:     0000 R: 1   0     0000 M: 0 0     0000     0000     0000
SIMLOG:: Cycle           8 PC:     0000 I:     0000 R: 1   0     0000 M: 0 0     0000     0000     0000
SIMLOG:: Cycle           9 PC:     0000 I:     0000 R: 1   0     0000 M: 0 0     0000     0000     0000
SIMLOG:: Cycle          10 PC:     0000 I:     0000 R: 1   0     0000 M: 0 0     0000     0000     0000
SIMLOG:: Cycle          11 PC:     0000 I:     0000 R: 1   0     0000 M: 0 0     0000     0000     0000
SIMLOG:: Cycle          12 PC:     0000 I:     0000 R: 1   0     0000 M: 0 0     0000     0000     0000
SIMLOG:: Cycle          13 PC:     0000 I:     0000 R: 1   0     0000 M: 0 0     0000     0000     0000
SIMLOG:: Cycle          14 PC:     0000 I:     0000 R: 1   0     0000 M: 0 0     0000     0000     0000
SIMLOG:: Cycle          15 PC:     0000 I:     0000 R: 1   0     0000 M: 0 0     0000     0000     0000
SIMLOG:: Cycle          16 PC:     0000 I:     0000 R: 1   0     0000 M: 0 0     0000     0000     0000
SIMLOG:: Cycle          17 PC:     0000 I:     a151 R: 1   0     0000 M: 0 0     0000     0000     a151
SIMLOG:: Cycle          18 PC:     0000 I:     a151 R: 1   0     0000 M: 0 0     0000     0000     a151
SIMLOG:: Cycle          19 PC:     0002 I:     b151 R: 1   0     0000 M: 0 0     0000     0000     a151
SIMLOG:: Cycle          20 PC:     0004 I:     a2b0 R: 1   1     0051 M: 0 0     0001     0001     a151
SIMLOG:: Cycle          21 PC:     0006 I:     b2a0 R: 1   1     0051 M: 0 0     0050     0001     0000
SIMLOG:: Cycle          22 PC:     0008 I:     0321 R: 1   1     0051 M: 0 0     0050     0001     0000
SIMLOG:: Cycle          23 PC:     000a I:     1412 R: 1   2     0000 M: 0 0     0000     0000     a151
SIMLOG:: Cycle          24 PC:     000c I:     2634 R: 1   2     0000 M: 0 0     0000     0000     a151
SIMLOG:: Cycle          25 PC:     000e I:     4756 R: 1   3     0021 M: 0 0     0051     0051     0000
